# JRE version: Java(TM) SE Runtime Environment (8.0_77-b03) (build 1.8.0_77-b03)
# Java VM: Java HotSpot(TM) 64-Bit Server VM (25.77-b03 mixed mode windows-amd64 compressed oops)
Heap:
 PSYoungGen      total 28672K, used 6622K [0x00000000e0980000, 0x00000000e2980000, 0x0000000100000000)
  eden space 24576K, 26% used [0x00000000e0980000,0x00000000e0ff7aa0,0x00000000e2180000)
  from space 4096K, 0% used [0x00000000e2180000,0x00000000e2180000,0x00000000e2580000)
  to   space 4096K, 0% used [0x00000000e2580000,0x00000000e2580000,0x00000000e2980000)
 ParOldGen       total 45056K, used 1434K [0x00000000a1c00000, 0x00000000a4800000, 0x00000000e0980000)
  object space 45056K, 3% used [0x00000000a1c00000,0x00000000a1d66820,0x00000000a4800000)
 Metaspace       used 10304K, capacity 10450K, committed 10624K, reserved 1064960K
  class space    used 1212K, capacity 1285K, committed 1408K, reserved 1048576K
GC Heap History (4 events):
Event: 0.427 GC heap before
{Heap before GC invocations=1 (full 0):
 PSYoungGen      total 28672K, used 4916K [0x00000000e0980000, 0x00000000e2980000, 0x0000000100000000)
  eden space 24576K, 20% used [0x00000000e0980000,0x00000000e0e4d2e8,0x00000000e2180000)
  from space 4096K, 0% used [0x00000000e2580000,0x00000000e2580000,0x00000000e2980000)
  to   space 4096K, 0% used [0x00000000e2180000,0x00000000e2180000,0x00000000e2580000)
 ParOldGen       total 65536K, used 0K [0x00000000a1c00000, 0x00000000a5c00000, 0x00000000e0980000)
  object space 65536K, 0% used [0x00000000a1c00000,0x00000000a1c00000,0x00000000a5c00000)
 Metaspace       used 8344K, capacity 8462K, committed 8576K, reserved 1067008K
  class space    used 1024K, capacity 1093K, committed 1152K, reserved 1048576K
Event: 0.432 GC heap after
Heap after GC invocations=1 (full 0):
 PSYoungGen      total 28672K, used 1560K [0x00000000e0980000, 0x00000000e2980000, 0x0000000100000000)
  eden space 24576K, 0% used [0x00000000e0980000,0x00000000e0980000,0x00000000e2180000)
  from space 4096K, 38% used [0x00000000e2180000,0x00000000e2306010,0x00000000e2580000)
  to   space 4096K, 0% used [0x00000000e2580000,0x00000000e2580000,0x00000000e2980000)
 ParOldGen       total 65536K, used 8K [0x00000000a1c00000, 0x00000000a5c00000, 0x00000000e0980000)
  object space 65536K, 0% used [0x00000000a1c00000,0x00000000a1c02000,0x00000000a5c00000)
 Metaspace       used 8344K, capacity 8462K, committed 8576K, reserved 1067008K
  class space    used 1024K, capacity 1093K, committed 1152K, reserved 1048576K
}
Event: 0.432 GC heap before
{Heap before GC invocations=2 (full 1):
 PSYoungGen      total 28672K, used 1560K [0x00000000e0980000, 0x00000000e2980000, 0x0000000100000000)
  eden space 24576K, 0% used [0x00000000e0980000,0x00000000e0980000,0x00000000e2180000)
  from space 4096K, 38% used [0x00000000e2180000,0x00000000e2306010,0x00000000e2580000)
  to   space 4096K, 0% used [0x00000000e2580000,0x00000000e2580000,0x00000000e2980000)
 ParOldGen       total 65536K, used 8K [0x00000000a1c00000, 0x00000000a5c00000, 0x00000000e0980000)
  object space 65536K, 0% used [0x00000000a1c00000,0x00000000a1c02000,0x00000000a5c00000)
 Metaspace       used 8344K, capacity 8462K, committed 8576K, reserved 1067008K
  class space    used 1024K, capacity 1093K, committed 1152K, reserved 1048576K
Event: 0.446 GC heap after
Heap after GC invocations=2 (full 1):
 PSYoungGen      total 28672K, used 0K [0x00000000e0980000, 0x00000000e2980000, 0x0000000100000000)
  eden space 24576K, 0% used [0x00000000e0980000,0x00000000e0980000,0x00000000e2180000)
  from space 4096K, 0% used [0x00000000e2180000,0x00000000e2180000,0x00000000e2580000)
  to   space 4096K, 0% used [0x00000000e2580000,0x00000000e2580000,0x00000000e2980000)
 ParOldGen       total 45056K, used 1434K [0x00000000a1c00000, 0x00000000a4800000, 0x00000000e0980000)
  object space 45056K, 3% used [0x00000000a1c00000,0x00000000a1d66820,0x00000000a4800000)
 Metaspace       used 8344K, capacity 8462K, committed 8576K, reserved 1064960K
  class space    used 1024K, capacity 1093K, committed 1152K, reserved 1048576K
}

